[    0.000000] Initializing cgroup subsys cpuset
[    0.000000] Initializing cgroup subsys cpu
[    0.000000] Initializing cgroup subsys cpuacct
[    0.000000] Linux version 4.4.0-210-generic (buildd@lgw01-amd64-009) (gcc version 5.4.0 20160609 (Ubuntu 5.4.0-6ubuntu1~16.04.12) ) #242-Ubuntu SMP Fri Apr 16 09:57:56 UTC 2021 (Ubuntu 4.4.0-210.242-generic 4.4.262)
[    0.000000] Command line: BOOT_IMAGE=/boot/vmlinuz-4.4.0-210-generic root=LABEL=cloudimg-rootfs ro console=tty1 console=ttyS0
[    0.000000] KERNEL supported cpus:
[    0.000000]   Intel GenuineIntel
[    0.000000]   AMD AuthenticAMD
[    0.000000]   Centaur CentaurHauls
[    0.000000] x86/fpu: xstate_offset[2]:  576, xstate_sizes[2]:  256
[    0.000000] x86/fpu: Supporting XSAVE feature 0x01: 'x87 floating point registers'
[    0.000000] x86/fpu: Supporting XSAVE feature 0x02: 'SSE registers'
[    0.000000] x86/fpu: Supporting XSAVE feature 0x04: 'AVX registers'
[    0.000000] x86/fpu: Enabled xstate features 0x7, context size is 832 bytes, using 'standard' format.
[    0.000000] e820: BIOS-provided physical RAM map:
[    0.000000] BIOS-e820: [mem 0x0000000000000000-0x000000000009fbff] usable
[    0.000000] BIOS-e820: [mem 0x000000000009fc00-0x000000000009ffff] reserved
[    0.000000] BIOS-e820: [mem 0x00000000000f0000-0x00000000000fffff] reserved
[    0.000000] BIOS-e820: [mem 0x0000000000100000-0x000000003ffeffff] usable
[    0.000000] BIOS-e820: [mem 0x000000003fff0000-0x000000003fffffff] ACPI data
[    0.000000] BIOS-e820: [mem 0x00000000fec00000-0x00000000fec00fff] reserved
[    0.000000] BIOS-e820: [mem 0x00000000fee00000-0x00000000fee00fff] reserved
[    0.000000] BIOS-e820: [mem 0x00000000fffc0000-0x00000000ffffffff] reserved
[    0.000000] NX (Execute Disable) protection: active
[    0.000000] SMBIOS 2.5 present.
[    0.000000] Hypervisor detected: KVM
[    0.000000] Kernel/User page tables isolation: disabled
[    0.000000] e820: last_pfn = 0x3fff0 max_arch_pfn = 0x400000000
[    0.000000] MTRR: Disabled
[    0.000000] x86/PAT: MTRRs disabled, skipping PAT initialization too.
[    0.000000] CPU MTRRs all blank - virtualized system.
[    0.000000] x86/PAT: Configuration [0-7]: WB  WT  UC- UC  WB  WT  UC- UC  
[    0.000000] found SMP MP-table at [mem 0x0009fff0-0x0009ffff] mapped at [ffff88000009fff0]
[    0.000000] Scanning 1 areas for low memory corruption
[    0.000000] RAMDISK: [mem 0x362de000-0x37166fff]
[    0.000000] ACPI: Early table checksum verification disabled
[    0.000000] ACPI: RSDP 0x00000000000E0000 000024 (v02 VBOX  )
[    0.000000] ACPI: XSDT 0x000000003FFF0030 00003C (v01 VBOX   VBOXXSDT 00000001 ASL  00000061)
[    0.000000] ACPI: FACP 0x000000003FFF00F0 0000F4 (v04 VBOX   VBOXFACP 00000001 ASL  00000061)
[    0.000000] ACPI: DSDT 0x000000003FFF0470 002325 (v02 VBOX   VBOXBIOS 00000002 INTL 20100528)
[    0.000000] ACPI: FACS 0x000000003FFF0200 000040
[    0.000000] ACPI: FACS 0x000000003FFF0200 000040
[    0.000000] ACPI: APIC 0x000000003FFF0240 00005C (v02 VBOX   VBOXAPIC 00000001 ASL  00000061)
[    0.000000] ACPI: SSDT 0x000000003FFF02A0 0001CC (v01 VBOX   VBOXCPUT 00000002 INTL 20100528)
[    0.000000] No NUMA configuration found
[    0.000000] Faking a node at [mem 0x0000000000000000-0x000000003ffeffff]
[    0.000000] NODE_DATA(0) allocated [mem 0x3ffeb000-0x3ffeffff]
[    0.000000] kvm-clock: Using msrs 4b564d01 and 4b564d00
[    0.000000] kvm-clock: cpu 0, msr 0:3ffe3001, primary cpu clock
[    0.000000] kvm-clock: using sched offset of 4851291982 cycles
[    0.000000] clocksource: kvm-clock: mask: 0xffffffffffffffff max_cycles: 0x1cd42e4dffb, max_idle_ns: 881590591483 ns
[    0.000000] Zone ranges:
[    0.000000]   DMA      [mem 0x0000000000001000-0x0000000000ffffff]
[    0.000000]   DMA32    [mem 0x0000000001000000-0x000000003ffeffff]
[    0.000000]   Normal   empty
[    0.000000]   Device   empty
[    0.000000] Movable zone start for each node
[    0.000000] Early memory node ranges
[    0.000000]   node   0: [mem 0x0000000000001000-0x000000000009efff]
[    0.000000]   node   0: [mem 0x0000000000100000-0x000000003ffeffff]
[    0.000000] Initmem setup node 0 [mem 0x0000000000001000-0x000000003ffeffff]
[    0.000000] ACPI: PM-Timer IO Port: 0x4008
[    0.000000] IOAPIC[0]: apic_id 2, version 32, address 0xfec00000, GSI 0-23
[    0.000000] ACPI: INT_SRC_OVR (bus 0 bus_irq 0 global_irq 2 dfl dfl)
[    0.000000] ACPI: INT_SRC_OVR (bus 0 bus_irq 9 global_irq 9 low level)
[    0.000000] Using ACPI (MADT) for SMP configuration information
[    0.000000] smpboot: Allowing 2 CPUs, 0 hotplug CPUs
[    0.000000] PM: Registered nosave memory: [mem 0x00000000-0x00000fff]
[    0.000000] PM: Registered nosave memory: [mem 0x0009f000-0x0009ffff]
[    0.000000] PM: Registered nosave memory: [mem 0x000a0000-0x000effff]
[    0.000000] PM: Registered nosave memory: [mem 0x000f0000-0x000fffff]
[    0.000000] e820: [mem 0x40000000-0xfebfffff] available for PCI devices
[    0.000000] Booting paravirtualized kernel on KVM
[    0.000000] clocksource: refined-jiffies: mask: 0xffffffff max_cycles: 0xffffffff, max_idle_ns: 7645519600211568 ns
[    0.000000] setup_percpu: NR_CPUS:512 nr_cpumask_bits:512 nr_cpu_ids:2 nr_node_ids:1
[    0.000000] PERCPU: Embedded 33 pages/cpu @ffff88003fc00000 s95192 r8192 d31784 u1048576
[    0.000000] Built 1 zonelists in Node order, mobility grouping on.  Total pages: 257912
[    0.000000] Policy zone: DMA32
[    0.000000] Kernel command line: BOOT_IMAGE=/boot/vmlinuz-4.4.0-210-generic root=LABEL=cloudimg-rootfs ro console=tty1 console=ttyS0
[    0.000000] PID hash table entries: 4096 (order: 3, 32768 bytes)
[    0.000000] Memory: 997796K/1048120K available (8644K kernel code, 1332K rwdata, 4044K rodata, 1492K init, 1164K bss, 50324K reserved, 0K cma-reserved)
[    0.000000] SLUB: HWalign=64, Order=0-3, MinObjects=0, CPUs=2, Nodes=1
[    0.000000] Hierarchical RCU implementation.
[    0.000000] 	Build-time adjustment of leaf fanout to 64.
[    0.000000] 	RCU restricting CPUs from NR_CPUS=512 to nr_cpu_ids=2.
[    0.000000] RCU: Adjusting geometry for rcu_fanout_leaf=64, nr_cpu_ids=2
[    0.000000] NR_IRQS:33024 nr_irqs:440 16
[    0.000000] Console: colour VGA+ 80x25
[    0.000000] console [tty1] enabled
[    0.000000] console [ttyS0] enabled
[    0.000000] tsc: Detected 1800.003 MHz processor
[    0.413798] Calibrating delay loop (skipped) preset value.. 3600.00 BogoMIPS (lpj=7200012)
[    0.417743] pid_max: default: 32768 minimum: 301
[    0.420763] ACPI: Core revision 20150930
[    0.424653] ACPI: 2 ACPI AML tables successfully acquired and loaded
[    0.428985] Security Framework initialized
[    0.431294] Yama: becoming mindful.
[    0.433713] AppArmor: AppArmor initialized
[    0.435850] Dentry cache hash table entries: 131072 (order: 8, 1048576 bytes)
[    0.438998] Inode-cache hash table entries: 65536 (order: 7, 524288 bytes)
[    0.445626] Mount-cache hash table entries: 2048 (order: 2, 16384 bytes)
[    0.450217] Mountpoint-cache hash table entries: 2048 (order: 2, 16384 bytes)
[    0.454514] Initializing cgroup subsys io
[    0.456716] Initializing cgroup subsys memory
[    0.458840] Initializing cgroup subsys devices
[    0.460723] Initializing cgroup subsys freezer
[    0.462967] Initializing cgroup subsys net_cls
[    0.464815] Initializing cgroup subsys perf_event
[    0.466769] Initializing cgroup subsys net_prio
[    0.468838] Initializing cgroup subsys hugetlb
[    0.470889] Initializing cgroup subsys pids
[    0.500251] mce: CPU supports 0 MCE banks
[    0.503600] Last level iTLB entries: 4KB 64, 2MB 8, 4MB 8
[    0.508136] Last level dTLB entries: 4KB 64, 2MB 0, 4MB 0, 1GB 4
[    0.512625] Spectre V1 : Mitigation: usercopy/swapgs barriers and __user pointer sanitization
[    0.519015] Spectre V2 : Mitigation: Full generic retpoline
[    0.523139] Spectre V2 : Spectre v2 / SpectreRSB mitigation: Filling RSB on context switch
[    0.528457] Speculative Store Bypass: Vulnerable
[    0.531112] SRBDS: Mitigation: TSX disabled
[    0.542441] Freeing SMP alternatives memory: 36K
[    0.568219] ftrace: allocating 32380 entries in 127 pages
[    0.740705] smpboot: APIC(0) Converting physical 0 to logical package 0
[    0.746247] smpboot: Max logical packages: 1
[    0.750721] x2apic enabled
[    0.753609] Switched APIC routing to physical x2apic.
[    0.758478] ..TIMER: vector=0x30 apic1=0 pin1=2 apic2=-1 pin2=-1
[    0.869654] smpboot: CPU0: Intel(R) Core(TM) i5-8265U CPU @ 1.60GHz (family: 0x6, model: 0x8e, stepping: 0xc)
[    0.876972] Performance Events: unsupported p6 CPU model 142 no PMU driver, software events only.
[    0.897606] KVM setup paravirtual spinlock
[    0.902918] x86: Booting SMP configuration:
[    0.905503] .... node  #0, CPUs:      #1
[    0.907800] kvm-clock: cpu 1, msr 0:3ffe3041, secondary cpu clock
[    0.933259] mce: CPU supports 0 MCE banks
[    0.937013] x86: Booted up 1 node, 2 CPUs
[    0.940216] smpboot: Total of 2 processors activated (7200.01 BogoMIPS)
[    0.945573] devtmpfs: initialized
[    0.952073] evm: security.selinux
[    0.954544] evm: security.SMACK64
[    0.956539] evm: security.SMACK64EXEC
[    0.958957] evm: security.SMACK64TRANSMUTE
[    0.961168] evm: security.SMACK64MMAP
[    0.963468] evm: security.ima
[    0.965541] evm: security.capability
[    0.968213] clocksource: jiffies: mask: 0xffffffff max_cycles: 0xffffffff, max_idle_ns: 7645041785100000 ns
[    0.974343] futex hash table entries: 512 (order: 3, 32768 bytes)
[    0.978408] pinctrl core: initialized pinctrl subsystem
[    0.981385] RTC time: 12:33:39, date: 06/13/21
[    0.986349] NET: Registered protocol family 16
[    1.002113] cpuidle: using governor ladder
[    1.014352] cpuidle: using governor menu
[    1.015897] PCCT header not found.
[    1.017957] ACPI: bus type PCI registered
[    1.019635] acpiphp: ACPI Hot Plug PCI Controller Driver version: 0.5
[    1.022193] PCI: Using configuration type 1 for base access
[    1.039127] ACPI: Added _OSI(Module Device)
[    1.041175] ACPI: Added _OSI(Processor Device)
[    1.043174] ACPI: Added _OSI(3.0 _SCP Extensions)
[    1.044959] ACPI: Added _OSI(Processor Aggregator Device)
[    1.049299] ACPI: Executed 1 blocks of module-level executable AML code
[    1.057619] ACPI: Interpreter enabled
[    1.059570] ACPI: (supports S0 S5)
[    1.062582] ACPI: Using IOAPIC for interrupt routing
[    1.067104] PCI: Using host bridge windows from ACPI; if necessary, use "pci=nocrs" and report a bug
[    1.084042] ACPI: PCI Root Bridge [PCI0] (domain 0000 [bus 00-ff])
[    1.088004] acpi PNP0A03:00: _OSC: OS supports [ASPM ClockPM Segments MSI]
[    1.094535] acpi PNP0A03:00: _OSC: not requesting OS control; OS requires [ExtendedConfig ASPM ClockPM MSI]
[    1.100499] acpi PNP0A03:00: fail to add MMCONFIG information, can't access extended PCI configuration space under this bridge.
[    1.106367] PCI host bridge to bus 0000:00
[    1.111052] pci_bus 0000:00: root bus resource [io  0x0000-0x0cf7 window]
[    1.116837] pci_bus 0000:00: root bus resource [io  0x0d00-0xffff window]
[    1.123257] pci_bus 0000:00: root bus resource [mem 0x000a0000-0x000bffff window]
[    1.130901] pci_bus 0000:00: root bus resource [mem 0x40000000-0xfdffffff window]
[    1.136885] pci_bus 0000:00: root bus resource [bus 00-ff]
[    1.144917] pci 0000:00:01.1: legacy IDE quirk: reg 0x10: [io  0x01f0-0x01f7]
[    1.150574] pci 0000:00:01.1: legacy IDE quirk: reg 0x14: [io  0x03f6]
[    1.154617] pci 0000:00:01.1: legacy IDE quirk: reg 0x18: [io  0x0170-0x0177]
[    1.158123] pci 0000:00:01.1: legacy IDE quirk: reg 0x1c: [io  0x0376]
[    1.225001] pci 0000:00:07.0: quirk: [io  0x4000-0x403f] claimed by PIIX4 ACPI
[    1.230155] pci 0000:00:07.0: quirk: [io  0x4100-0x410f] claimed by PIIX4 SMB
[    1.252681] ACPI: PCI Interrupt Link [LNKA] (IRQs 5 9 10 *11)
[    1.257640] ACPI: PCI Interrupt Link [LNKB] (IRQs 5 9 *10 11)
[    1.261281] ACPI: PCI Interrupt Link [LNKC] (IRQs 5 *9 10 11)
[    1.264807] ACPI: PCI Interrupt Link [LNKD] (IRQs 5 9 10 *11)
[    1.268314] ACPI: Enabled 2 GPEs in block 00 to 07
[    1.270875] vgaarb: setting as boot device: PCI:0000:00:02.0
[    1.273209] vgaarb: device added: PCI:0000:00:02.0,decodes=io+mem,owns=io+mem,locks=none
[    1.276745] vgaarb: loaded
[    1.277896] vgaarb: bridge control possible 0000:00:02.0
[    1.281305] SCSI subsystem initialized
[    1.283765] ACPI: bus type USB registered
[    1.286101] usbcore: registered new interface driver usbfs
[    1.288338] usbcore: registered new interface driver hub
[    1.290525] usbcore: registered new device driver usb
[    1.292964] PCI: Using ACPI for IRQ routing
[    1.294696] NetLabel: Initializing
[    1.295943] NetLabel:  domain hash size = 128
[    1.297861] NetLabel:  protocols = UNLABELED CIPSOv4
[    1.299759] NetLabel:  unlabeled traffic allowed by default
[    1.302610] amd_nb: Cannot enumerate AMD northbridges
[    1.304345] clocksource: Switched to clocksource kvm-clock
[    1.322040] AppArmor: AppArmor Filesystem Enabled
[    1.325307] pnp: PnP ACPI init
[    1.329533] pnp: PnP ACPI: found 3 devices
[    1.348052] clocksource: acpi_pm: mask: 0xffffff max_cycles: 0xffffff, max_idle_ns: 2085701024 ns
[    1.351676] NET: Registered protocol family 2
[    1.355157] TCP established hash table entries: 8192 (order: 4, 65536 bytes)
[    1.360398] TCP bind hash table entries: 8192 (order: 5, 131072 bytes)
[    1.363536] TCP: Hash tables configured (established 8192 bind 8192)
[    1.366192] UDP hash table entries: 512 (order: 2, 16384 bytes)
[    1.368213] UDP-Lite hash table entries: 512 (order: 2, 16384 bytes)
[    1.370555] NET: Registered protocol family 1
[    1.372041] pci 0000:00:00.0: Limiting direct PCI/PCI transfers
[    1.373801] pci 0000:00:01.0: Activating ISA DMA hang workarounds
[    1.379526] Unpacking initramfs...
[    2.143564] Freeing initrd memory: 14884K
[    2.145190] clocksource: tsc: mask: 0xffffffffffffffff max_cycles: 0x19f22c73312, max_idle_ns: 440795259572 ns
[    2.148645] platform rtc_cmos: registered platform RTC device (no PNP device found)
[    2.152193] Scanning for low memory corruption every 60 seconds
[    2.155205] audit: initializing netlink subsys (disabled)
[    2.157642] audit: type=2000 audit(1623587627.084:1): initialized
[    2.161386] Initialise system trusted keyring
[    2.165011] HugeTLB registered 2 MB page size, pre-allocated 0 pages
[    2.169054] zbud: loaded
[    2.171349] VFS: Disk quotas dquot_6.6.0
[    2.173984] VFS: Dquot-cache hash table entries: 512 (order 0, 4096 bytes)
[    2.176873] squashfs: version 4.0 (2009/01/31) Phillip Lougher
[    2.184458] fuse init (API version 7.23)
[    2.186646] Key type big_key registered
[    2.188375] Allocating IMA MOK and blacklist keyrings.
[    2.192771] Key type asymmetric registered
[    2.195145] Asymmetric key parser 'x509' registered
[    2.197742] Block layer SCSI generic (bsg) driver version 0.4 loaded (major 249)
[    2.201370] io scheduler noop registered
[    2.202733] io scheduler deadline registered (default)
[    2.205294] io scheduler cfq registered
[    2.207351] pci_hotplug: PCI Hot Plug PCI Core version: 0.5
[    2.209634] pciehp: PCI Express Hot Plug Controller Driver version: 0.4
[    2.211971] ACPI: AC Adapter [AC] (off-line)
[    2.213633] input: Power Button as /devices/LNXSYSTM:00/LNXPWRBN:00/input/input0
[    2.216139] ACPI: Power Button [PWRF]
[    2.218356] input: Sleep Button as /devices/LNXSYSTM:00/LNXSLPBN:00/input/input1
[    2.222143] ACPI: Sleep Button [SLPF]
[    2.224493] GHES: HEST is not enabled!
[    2.228457] Serial: 8250/16550 driver, 32 ports, IRQ sharing enabled
[    2.228734] ACPI: Battery Slot [BAT0] (battery present)
[    2.256586] 00:02: ttyS0 at I/O 0x3f8 (irq = 4, base_baud = 115200) is a 16550A
[    2.269818] Linux agpgart interface v0.103
[    2.276687] loop: module loaded
[    2.279644] scsi host0: ata_piix
[    2.282897] scsi host1: ata_piix
[    2.285940] ata1: PATA max UDMA/33 cmd 0x1f0 ctl 0x3f6 bmdma 0xd000 irq 14
[    2.290470] ata2: PATA max UDMA/33 cmd 0x170 ctl 0x376 bmdma 0xd008 irq 15
[    2.294425] libphy: Fixed MDIO Bus: probed
[    2.296851] tun: Universal TUN/TAP device driver, 1.6
[    2.299371] tun: (C) 1999-2004 Max Krasnyansky <maxk@qualcomm.com>
[    2.302289] PPP generic driver version 2.4.2
[    2.304179] ehci_hcd: USB 2.0 'Enhanced' Host Controller (EHCI) Driver
[    2.307116] ehci-pci: EHCI PCI platform driver
[    2.309212] ehci-platform: EHCI generic platform driver
[    2.311552] ohci_hcd: USB 1.1 'Open' Host Controller (OHCI) Driver
[    2.314500] ohci-pci: OHCI PCI platform driver
[    2.316503] ohci-platform: OHCI generic platform driver
[    2.318748] uhci_hcd: USB Universal Host Controller Interface driver
[    2.322305] i8042: PNP: PS/2 Controller [PNP0303:PS2K,PNP0f03:PS2M] at 0x60,0x64 irq 1,12
[    2.326775] serio: i8042 KBD port at 0x60,0x64 irq 1
[    2.329028] serio: i8042 AUX port at 0x60,0x64 irq 12
[    2.331696] mousedev: PS/2 mouse device common for all mice
[    2.334715] input: AT Translated Set 2 keyboard as /devices/platform/i8042/serio0/input/input2
[    2.338930] rtc_cmos rtc_cmos: rtc core: registered rtc_cmos as rtc0
[    2.342002] rtc_cmos rtc_cmos: alarms up to one day, 114 bytes nvram
[    2.344614] i2c /dev entries driver
[    2.346376] device-mapper: uevent: version 1.0.3
[    2.348922] device-mapper: ioctl: 4.34.0-ioctl (2015-10-28) initialised: dm-devel@redhat.com
[    2.353211] ledtrig-cpu: registered to indicate activity on CPUs
[    2.356839] NET: Registered protocol family 10
[    2.359268] NET: Registered protocol family 17
[    2.361244] Key type dns_resolver registered
[    2.364432] registered taskstats version 1
[    2.366318] Loading compiled-in X.509 certificates
[    2.369762] Loaded X.509 cert 'Build time autogenerated kernel key: cf00e047681d67edb2720680708b7d9498083038'
[    2.373634] zswap: loaded using pool lzo/zbud
[    2.377896] Key type trusted registered
[    2.386221] Key type encrypted registered
[    2.389270] AppArmor: AppArmor sha1 policy hashing enabled
[    2.392317] ima: No TPM chip found, activating TPM-bypass!
[    2.395829] ima: Allocated hash algorithm: sha1
[    2.398474] evm: HMAC attrs: 0x1
[    2.400609]   Magic number: 9:278:582
[    2.402251] rtc_cmos rtc_cmos: setting system clock to 2021-06-13 12:33:41 UTC (1623587621)
[    2.405907] BIOS EDD facility v0.16 2004-Jun-25, 0 devices found
[    2.409722] EDD information not available.
[    2.486189] Freeing unused kernel memory: 1492K
[    2.489838] Write protecting the kernel read-only data: 14336k
[    2.495138] Freeing unused kernel memory: 1584K
[    2.498933] Freeing unused kernel memory: 52K
Loading, please wait...
starting version 229
[    2.532688] random: systemd-udevd: uninitialized urandom read (16 bytes read, 5 bits of entropy available)
[    2.536900] random: udevadm: uninitialized urandom read (16 bytes read, 5 bits of entropy available)
[    2.536992] random: udevadm: uninitialized urandom read (16 bytes read, 5 bits of entropy available)
[    2.555090] random: systemd-udevd: uninitialized urandom read (16 bytes read, 5 bits of entropy available)
[    2.556518] random: udevadm: uninitialized urandom read (16 bytes read, 5 bits of entropy available)
[    2.556590] random: udevadm: uninitialized urandom read (16 bytes read, 5 bits of entropy available)
[    2.556803] random: udevadm: uninitialized urandom read (16 bytes read, 5 bits of entropy available)
[    2.556877] random: udevadm: uninitialized urandom read (16 bytes read, 5 bits of entropy available)
[    2.556946] random: udevadm: uninitialized urandom read (16 bytes read, 5 bits of entropy available)
[    2.557014] random: udevadm: uninitialized urandom read (16 bytes read, 5 bits of entropy available)
[    2.657911] e1000: Intel(R) PRO/1000 Network Driver - version 7.3.21-k8-NAPI
[    2.661337] e1000: Copyright (c) 1999-2006 Intel Corporation.
[    2.667465] Fusion MPT base driver 3.04.20
[    2.669629] Copyright (c) 1999-2008 LSI Corporation
[    2.691020] Fusion MPT SPI Host driver 3.04.20
[    2.714887] AVX2 version of gcm_enc/dec engaged.
[    2.717673] AES CTR mode by8 optimization enabled
[    2.914812] input: ImExPS/2 Generic Explorer Mouse as /devices/platform/i8042/serio1/input/input4
[    3.758447] e1000 0000:00:03.0 eth0: (PCI:33MHz:32-bit) 02:ed:98:3c:8e:82
[    3.765872] e1000 0000:00:03.0 eth0: Intel(R) PRO/1000 Network Connection
[    5.044335] e1000 0000:00:08.0 eth1: (PCI:33MHz:32-bit) 08:00:27:ea:c0:5f
[    5.051863] e1000 0000:00:08.0 eth1: Intel(R) PRO/1000 Network Connection
[    5.062453] mptbase: ioc0: Initiating bringup
[    5.066272] e1000 0000:00:08.0 enp0s8: renamed from eth1
[    5.084459] e1000 0000:00:03.0 enp0s3: renamed from eth0
[    5.145619] ioc0: LSI53C1030 A0: Capabilities={Initiator}
[    8.733072] scsi host2: ioc0: LSI53C1030 A0, FwRev=00000000h, Ports=1, MaxQ=256, IRQ=20
[   11.510494] scsi 2:0:0:0: Direct-Access     VBOX     HARDDISK         1.0  PQ: 0 ANSI: 5
[   11.517544] scsi target2:0:0: Beginning Domain Validation
[   11.525637] scsi target2:0:0: Domain Validation skipping write tests
[   11.532173] scsi target2:0:0: Ending Domain Validation
[   11.537780] scsi target2:0:0: asynchronous
[   11.543905] scsi 2:0:1:0: Direct-Access     VBOX     HARDDISK         1.0  PQ: 0 ANSI: 5
[   11.553747] scsi target2:0:1: Beginning Domain Validation
[   11.606901] scsi target2:0:1: Domain Validation skipping write tests
[   11.612892] scsi target2:0:1: Ending Domain Validation
[   11.617769] scsi target2:0:1: asynchronous
[   11.635965] sd 2:0:0:0: Attached scsi generic sg0 type 0
[   11.639042] sd 2:0:0:0: [sda] 83886080 512-byte logical blocks: (42.9 GB/40.0 GiB)
[   11.645583] sd 2:0:1:0: Attached scsi generic sg1 type 0
[   11.648245] sd 2:0:1:0: [sdb] 20480 512-byte logical blocks: (10.5 MB/10.0 MiB)
[   11.652783] sd 2:0:0:0: [sda] Write Protect is off
[   11.653073] sd 2:0:1:0: [sdb] Write Protect is off
[   11.653191] sd 2:0:1:0: [sdb] Incomplete mode parameter data
[   11.653194] sd 2:0:1:0: [sdb] Assuming drive cache: write through
[   11.669241] sd 2:0:0:0: [sda] Incomplete mode parameter data
[   11.670786] sd 2:0:1:0: [sdb] Attached SCSI disk
[   11.674380] sd 2:0:0:0: [sda] Assuming drive cache: write through
[   11.679869]  sda: sda1
[   11.682706] sd 2:0:0:0: [sda] Attached SCSI disk
Begin: Loading essential drivers ... [   13.574848] md: linear personality registered for level -1
[   13.581724] md: multipath personality registered for level -4
[   13.588088] md: raid0 personality registered for level 0
[   13.597411] md: raid1 personality registered for level 1
[   13.672460] raid6: sse2x1   gen()  2445 MB/s
[   13.740492] raid6: sse2x1   xor()  1604 MB/s
[   13.808494] raid6: sse2x2   gen()  4446 MB/s
[   13.876479] raid6: sse2x2   xor()  3281 MB/s
[   13.944435] raid6: sse2x4   gen()  6066 MB/s
[   14.012599] raid6: sse2x4   xor()  4786 MB/s
[   14.080427] raid6: avx2x1   gen() 12594 MB/s
[   14.148393] raid6: avx2x2   gen() 14665 MB/s
[   14.216476] raid6: avx2x4   gen() 14032 MB/s
[   14.220133] raid6: using algorithm avx2x2 gen() 14665 MB/s
[   14.223153] raid6: using avx2x2 recovery algorithm
[   14.227188] xor: automatically using best checksumming function:
[   14.268424]    avx       : 12671.000 MB/sec
[   14.272963] async_tx: api initialized (async)
[   14.302859] md: raid6 personality registered for level 6
[   14.306242] md: raid5 personality registered for level 5
[   14.308417] md: raid4 personality registered for level 4
[   14.318263] md: raid10 personality registered for level 10
done.
Begin: Running /scripts/init-premount ... done.
Begin: Mounting root file system ... Begin: Running /scripts/local-top ... done.
Begin: Running /scripts/local-premount ... [   14.366535] Btrfs loaded
Scanning for Btrfs filesystems
done.
Warning: fsck not present, so skipping root file system
[   14.406940] EXT4-fs (sda1): mounted filesystem with ordered data mode. Opts: (null)
done.
Begin: Running /scripts/local-bottom ... done.
Begin: Running /scripts/init-bottom ... done.
[   14.568468] systemd[1]: systemd 229 running in system mode. (+PAM +AUDIT +SELINUX +IMA +APPARMOR +SMACK +SYSVINIT +UTMP +LIBCRYPTSETUP +GCRYPT +GNUTLS +ACL +XZ -LZ4 +SECCOMP +BLKID +ELFUTILS +KMOD -IDN)
[   14.578703] systemd[1]: Detected virtualization oracle.
[   14.582413] systemd[1]: Detected architecture x86-64.

Welcome to [1mUbuntu 16.04.7 LTS[0m!

[   14.591604] systemd[1]: Set hostname to <ubuntu-xenial>.
[   14.838214] systemd[1]: Set up automount Arbitrary Executable File Formats File System Automount Point.
[[0;32m  OK  [0m] Set up automount Arbitrary Executab...ats File System Automount Point.
[   14.852827] systemd[1]: Reached target Encrypted Volumes.
[[0;32m  OK  [0m] Reached target Encrypted Volumes.
[   14.865532] systemd[1]: Listening on fsck to fsckd communication Socket.
[[0;32m  OK  [0m] Listening on fsck to fsckd communication Socket.
[   14.873342] systemd[1]: Started Forward Password Requests to Wall Directory Watch.
[[0;32m  OK  [0m] Started Forward Password Requests to Wall Directory Watch.
[   14.881980] systemd[1]: Listening on Journal Audit Socket.
[[0;32m  OK  [0m] Listening on Journal Audit Socket.
[   14.887559] systemd[1]: Started Trigger resolvconf update for networkd DNS.
[[0;32m  OK  [0m] Started Trigger resolvconf update for networkd DNS.
[   14.894986] systemd[1]: Listening on udev Kernel Socket.
[[0;32m  OK  [0m] Listening on udev Kernel Socket.
[   14.904793] systemd[1]: Listening on Device-mapper event daemon FIFOs.
[[0;32m  OK  [0m] Listening on Device-mapper event daemon FIFOs.
[   14.911271] systemd[1]: Listening on Journal Socket (/dev/log).
[[0;32m  OK  [0m] Listening on Journal Socket (/dev/log).
[   14.925402] systemd[1]: Listening on LVM2 metadata daemon socket.
[[0;32m  OK  [0m] Listening on LVM2 metadata daemon socket.
[   14.932349] systemd[1]: Reached target System Time Synchronized.
[[0;32m  OK  [0m] Reached target System Time Synchronized.
[   14.938686] systemd[1]: Listening on udev Control Socket.
[[0;32m  OK  [0m] Listening on udev Control Socket.
[   14.950349] systemd[1]: Created slice User and Session Slice.
[[0;32m  OK  [0m] Created slice User and Session Slice.
[   14.956768] systemd[1]: Listening on Journal Socket.
[[0;32m  OK  [0m] Listening on Journal Socket.
[   14.962274] systemd[1]: Reached target Swap.
[[0;32m  OK  [0m] Reached target Swap.
[   14.967061] systemd[1]: Listening on Syslog Socket.
[[0;32m  OK  [0m] Listening on Syslog Socket.
[   14.976960] systemd[1]: Listening on /dev/initctl Compatibility Named Pipe.
[[0;32m  OK  [0m] Listening on /dev/initctl Compatibility Named Pipe.
[   14.983903] systemd[1]: Listening on LVM2 poll daemon socket.
[[0;32m  OK  [0m] Listening on LVM2 poll daemon socket.
[   14.991096] systemd[1]: Created slice System Slice.
[[0;32m  OK  [0m] Created slice System Slice.
[   15.016745] systemd[1]: Starting Uncomplicated firewall...
         Starting Uncomplicated firewall...
[   15.024885] systemd[1]: Starting Nameserver information manager...
         Starting Nameserver information manager...
[   15.034808] systemd[1]: Mounting Debug File System...
         Mounting Debug File System...
[   15.052536] systemd[1]: Reached target Slices.
[[0;32m  OK  [0m] Reached target Slices.
[   15.073607] systemd[1]: Starting Monitoring of LVM2 mirrors, snapshots etc. using dmeventd or progress polling...
         Starting Monitoring of LVM2 mirrors... dmeventd or progress polling...
[   15.087354] systemd[1]: Mounting POSIX Message Queue File System...
         Mounting POSIX Message Queue File System...
[   15.096125] ip_tables: (C) 2000-2006 Netfilter Core Team
[   15.107281] systemd[1]: Mounting Huge Pages File System...
         Mounting Huge Pages File System...
[   15.134710] systemd[1]: Starting Set console keymap...
         Starting Set console keymap...
[   15.143035] systemd[1]: Created slice system-serial\x2dgetty.slice.
[[0;32m  OK  [0m] Created slice system-serial\x2dgetty.slice.
[   15.155479] systemd[1]: Starting Journal Service...
         Starting Journal Service...[   15.163048] nf_conntrack version 0.5.0 (7936 buckets, 31744 max)

[   15.180816] systemd[1]: Starting Load Kernel Modules...
         Starting Load Kernel Modules...
[   15.192346] systemd[1]: Starting Create list of required static device nodes for the current kernel...
         Starting Create list of required st... nodes for the current kernel...
[   15.208811] systemd[1]: Reached target User and Group Name Lookups.
[[0;32m  OK  [0m] Reached target User and Group Name Lookups.
[   15.217471] random: nonblocking pool is initialized
[   15.231357] Loading iSCSI transport class v2.0-870.
[   15.249204] systemd[1]: Starting File System Check on Root Device...
         Starting File System Check on Root Device...
[   15.258996] systemd[1]: Mounted POSIX Message Queue File System.
[[0;32m  OK  [0m] Mounted POSIX Message Queue File System.
[   15.267589] systemd[1]: Mounted Debug File System.
[   15.268104] iscsi: registered transport (tcp)
[[0;32m  OK  [0m] Mounted Debug File System.
[   15.278035] systemd[1]: Mounted Huge Pages File System.
[[0;32m  OK  [0m] Mounted Huge Pages File System.
[   15.309952] systemd[1]: Started Create list of required static device nodes for the current kernel.
[   15.320177] ip6_tables: (C) 2000-2006 Netfilter Core Team
[[0;32m  OK  [0m] Started Create list of required sta...ce nodes for the current kernel.
[   15.328800] systemd[1]: Started Nameserver information manager.
[[0;32m  OK  [0m] Started Nameserver information manager.
[   15.333697] systemd[1]: Started File System Check on Root Device.
[[0;32m  OK  [0m] Started File System Check on Root Device.
[   15.356943] systemd[1]: Started File System Check Daemon to report status.
[[0;32m  OK  [0m] Started File System Check Daemon to report status.
[   15.367467] systemd[1]: Started LVM2 metadata daemon.
[[0;32m  OK  [0m] Started LVM2 metadata daemon.
[   15.390428] systemd[1]: Starting Remount Root and Kernel File Systems...
         Starting Remount Root and Kernel File Systems...
[   15.398996] systemd[1]: Starting Create Static Device Nodes in /dev...
[   15.402355] EXT4-fs (sda1): re-mounted. Opts: (null)
         Starting Create Static Device Nodes in /dev...
[   15.412765] systemd[1]: Started Journal Service.
[[0;32m  OK  [0m] Started Journal Service.
[[0;32m  OK  [0m] Started Set console keymap.
[[0;32m  OK  [0m] Started Remount Root and Kernel File Systems.
         Starting udev Coldplug all Devices...
[   15.438887] iscsi: registered transport (iser)
         Starting Load/Save Random Seed...
         Starting Flush Journal to Persistent Storage...
[[0;32m  OK  [0m] Started Load/Save Random Seed.
[   15.480010] systemd-journald[392]: Received request to flush runtime journal from PID 1
[[0;32m  OK  [0m] Started Load Kernel Modules.
         Starting Apply Kernel Variables...
         Mounting FUSE Control File System...
[[0;32m  OK  [0m] Mounted FUSE Control File System.
[[0;32m  OK  [0m] Started Create Static Device Nodes in /dev.
[[0;32m  OK  [0m] Started Flush Journal to Persistent Storage.
[[0;32m  OK  [0m] Started Apply Kernel Variables.
         Starting udev Kernel Device Manager...
[[0;32m  OK  [0m] Started udev Kernel Device Manager.
[[0;32m  OK  [0m] Started udev Coldplug all Devices.
[[0;32m  OK  [0m] Started Dispatch Password Requests to Console Directory Watch.
[[0;32m  OK  [0m] Started Uncomplicated firewall.
[[0;32m  OK  [0m] Started Monitoring of LVM2 mirrors,...ng dmeventd or progress polling.
[[0;32m  OK  [0m] Reached target Local File Systems (Pre).
[[0;32m  OK  [0m] Reached target Local File Systems.
         Starting Initial cloud-init job (pre-networking)...
         Starting Tell Plymouth To Write Out Runtime Data...
         Starting Create Volatile Files and Directories...
         Starting LSB: AppArmor initialization...
         Starting Set console font and keymap...
[[0;32m  OK  [0m] Found device /dev/ttyS0.
[[0;32m  OK  [0m] Started Tell Plymouth To Write Out Runtime Data.
[[0;32m  OK  [0m] Started Create Volatile Files and Directories.
         Starting Update UTMP about System Boot/Shutdown...
[[0;32m  OK  [0m] Started Update UTMP about System Boot/Shutdown.
[[0;32m  OK  [0m] Listening on Load/Save RF Kill Switch Status /dev/rfkill Watch.
[[0;32m  OK  [0m] Started LSB: AppArmor initialization.
         Starting Load AppArmor profiles managed internally by snapd...
[[0;32m  OK  [0m] Started Load AppArmor profiles managed internally by snapd.
[[0;32m  OK  [0m] Found device 82540EM Gigabit Ethern...r (PRO/1000 MT Desktop Adapter).
[[0;32m  OK  [0m] Found device 82540EM Gigabit Ethern...r (PRO/1000 MT Desktop Adapter).
[   17.532362] [[0;32m  OK  [0mcloud-init] [574]: Started Initial cloud-init job (pre-networking).Cloud-init v. 21.1-19-gbad84ad4-0ubuntu1~16.04.2 running 'init-local' at Sun, 13 Jun 2021 12:33:56 +0000. Up 16.92 seconds.

[[0;32m  OK  [0m] Reached target Network (Pre).
[[0;32m  OK  [0m] Started ifup for enp0s3.
         Starting Raise network interfaces...
[[0;32m  OK  [0m] Started ifup for enp0s8.
[[0;32m  OK  [0m] Started Set console font and keymap.
[[0;32m  OK  [0m] Created slice system-getty.slice.
[[0;32m  OK  [0m] Started Raise network interfaces.
[[0;32m  OK  [0m] Reached target Network.
         Starting Initial cloud-init job (metadata service crawler)...
[   19.415156] cloud-init[1144]: Cloud-init v. 21.1-19-gbad84ad4-0ubuntu1~16.04.2 running 'init' at Sun, 13 Jun 2021 12:33:58 +0000. Up 18.81 seconds.
[   19.424879] cloud-init[1144]: ci-info: ++++++++++++++++++++++++++++++++++++++Net device info+++++++++++++++++++++++++++++++++++++++
[   19.429890] cloud-init[1144]: ci-info: +--------+------+-----------------------------+---------------+--------+-------------------+
[   19.441196] cloud-init[1144]: ci-info: | Device |  Up  |           Address           |      Mask     | Scope  |     Hw-Address    |
[   19.448582] cloud-init[1144]: ci-info: +--------+------+-----------------------------+---------------+--------+-------------------+
[   19.459046] cloud-init[1144]: ci-info: | enp0s3 | True |          10.0.2.15          | 255.255.255.0 | global | 02:ed:98:3c:8e:82 |
[   19.465533] cloud-init[1144]: ci-info: | enp0s3 | True |  fe80::ed:98ff:fe3c:8e82/64 |       .       |  link  | 02:ed:98:3c:8e:82 |
[   19.470046] cloud-init[1144]: ci-info: | enp0s8 | True |        192.168.33.10        | 255.255.255.0 | global | 08:00:27:ea:c0:5f |
[   19.474348] cloud-init[1144]: ci-info: | enp0s8 | True | fe80::a00:27ff:feea:c05f/64 |       .       |  link  | 08:00:27:ea:c0:5f |
[   19.484845] cloud-init[1144]: ci-info: |   lo   | True |          127.0.0.1          |   255.0.0.0   |  host  |         .         |
[   19.492816] cloud-init[1144]: ci-info: |   lo   | True |           ::1/128           |       .       |  host  |         .         |
[   19.497495] cloud-init[1144]: ci-info: +--------+------+-----------------------------+---------------+--------+-------------------+
[   19.501373] cloud-init[1144]: ci-info: ++++++++++++++++++++++++++++Route IPv4 info++++++++++++++++++++++++++++
[   19.505524] cloud-init[1144]: ci-info: +-------+--------------+----------+---------------+-----------+-------+
[   19.509057] cloud-init[1144]: ci-info: | Route | Destination  | Gateway  |    Genmask    | Interface | Flags |
[   19.517104] cloud-init[1144]: ci-info: +-------+--------------+----------+---------------+-----------+-------+
[   19.520597] cloud-init[1144]: ci-info: |   0   |   0.0.0.0    | 10.0.2.2 |    0.0.0.0    |   enp0s3  |   UG  |
[   19.529123] cloud-init[1144]: ci-info: |   1   |   10.0.2.0   | 0.0.0.0  | 255.255.255.0 |   enp0s3  |   U   |
[   19.535187] cloud-init[1144]: ci-info: |   2   | 192.168.33.0 | 0.0.0.0  | 255.255.255.0 |   enp0s8  |   U   |
[   19.541173] cloud-init[1144]: ci-info: +-------+--------------+----------+---------------+-----------+-------+
[   19.544714] cloud-init[1144]: ci-info: +++++++++++++++++++Route IPv6 info+++++++++++++++++++
[   19.546596] cloud-init[1144]: ci-info: +-------+-------------+---------+-----------+-------+
[   19.552636] cloud-init[1144]: ci-info: | Route | Destination | Gateway | Interface | Flags |
[   19.554924] cloud-init[1144]: ci-info: +-------+-------------+---------+-----------+-------+
[   19.557301] cloud-init[1144]: ci-info: |   0   |  fe80::/64  |    ::   |   enp0s3  |   U   |
[   19.559587] cloud-init[1144]: ci-info: |   1   |  fe80::/64  |    ::   |   enp0s8  |   U   |
[   19.561838] cloud-init[1144]: ci-info: |   4   |   ff00::/8  |    ::   |   enp0s3  |   U   |
[   19.564146] cloud-init[1144]: ci-info: |   5   |   ff00::/8  |    ::   |   enp0s8  |   U   |
[   19.566139] cloud-init[1144]: ci-info: +-------+-------------+---------+-----------+-------+
[[0;32m  OK  [0m] Started Initial cloud-init job (metadata service crawler).
[[0;32m  OK  [0m] Reached target Network is Online.
         Starting iSCSI initiator daemon (iscsid)...
[[0;32m  OK  [0m] Reached target Cloud-config availability.
[[0;32m  OK  [0m] Reached target System Initialization.
         Starting Socket activation for snappy daemon.
[[0;32m  OK  [0m] Started Daily apt download activities.
         Starting LXD - unix socket.
[[0;32m  OK  [0m] Started ACPI Events Check.
[[0;32m  OK  [0m] Reached target Paths.
[[0;32m  OK  [0m] Listening on ACPID Listen Socket.
[[0;32m  OK  [0m] Listening on UUID daemon activation socket.
[[0;32m  OK  [0m] Started Daily apt upgrade and clean activities.
[[0;32m  OK  [0m] Started Daily Cleanup of Temporary Directories.
[[0;32m  OK  [0m] Started Message of the Day.
[[0;32m  OK  [0m] Reached target Timers.
[[0;32m  OK  [0m] Listening on D-Bus System Message Bus Socket.
[[0;32m  OK  [0m] Listening on Socket activation for snappy daemon.
[[0;32m  OK  [0m] Listening on LXD - unix socket.
[[0;32m  OK  [0m] Started iSCSI initiator daemon (iscsid).
         Starting Login to default iSCSI targets...
[[0;32m  OK  [0m] Reached target Sockets.
[[0;32m  OK  [0m] Reached target Basic System.
         Starting LSB: MD monitoring daemon...
         Starting Virtualbox guest utils...
[[0;32m  OK  [0m] Started D-Bus System Message Bus.
[[0;32m  OK  [0m] Started Regular background program processing daemon.
[[0;32m  OK  [0m] Started FUSE filesystem for LXC.
[[0;32m  OK  [0m] Started Supervisor process control system for UNIX.
         Starting LSB: Record successful boot for GRUB...
         Starting /etc/rc.local Compatibility...
         Starting LXD - container startup/shutdown...
[[0;32m  OK  [0m] Started Deferred execution scheduler.
         Starting A high performance web server and a reverse proxy server...
         Starting System Logging Service...
[[0;32m  OK  [0m] Started ACPI event daemon.
         Starting OpenBSD Secure Shell server...
         Starting Login Service...
         Starting Accounts Service...
         Starting Snap Daemon...
[[0;32m  OK  [0m] Started /etc/rc.local Compatibility.
[[0;32m  OK  [0m] Started Login Service.
[[0;32m  OK  [0m] Started Unattended Upgrades Shutdown.
[[0;32m  OK  [0m] Started System Logging Service.
[[0;32m  OK  [0m] Started Login to default iSCSI targets.
[[0;32m  OK  [0m] Reached target Remote File Systems (Pre).
         Mounting /vagrant...
[[0;32m  OK  [0m] Started LSB: Record successful boot for GRUB.
[[0;1;31mFAILED[0m] Failed to mount /vagrant.
See 'systemctl status vagrant.mount' for details.
[[0;1;33mDEPEND[0m] Dependency failed for Remote File Systems.
[[0;32m  OK  [0m] Started LSB: MD monitoring daemon.
         Starting Authenticate and Authorize Users to Run Privileged Tasks...
         Starting LSB: daemon to balance interrupts for SMP systems...
         Starting Permit User Sessions...
         Starting LSB: Set the CPU Frequency Scaling governor to "ondemand"...
         Starting LSB: automatic crash report generation...
[[0;32m  OK  [0m] Started Permit User Sessions.
         Starting Terminate Plymouth Boot Screen...
         Starting Hold until boot process finishes up...
[[0;32m  OK  [0m] Started Terminate Plymouth Boot Screen.
[[0;32m  OK  [0m] Started Hold until boot process finishes up.
         Starting Set console scheme...
[[0;32m  OK  [0m] Started Getty on tty1.
[[0;32m  OK  [0m] Started Serial Getty on ttyS0.
[[0;32m  OK  [0m] Reached target Login Prompts.
[[0;32m  OK  [0m] Started OpenBSD Secure Shell server.
[[0;32m  OK  [0m] Started LXD - container startup/shutdown.
[[0;32m  OK  [0m] Started Set console scheme.
[[0;32m  OK  [0m] Started Authenticate and Authorize Users to Run Privileged Tasks.
[[0;32m  OK  [0m] Started Accounts Service.
[[0;32m  OK  [0m] Started LSB: Set the CPU Frequency Scaling governor to "ondemand".
[[0;32m  OK  [0m] Started LSB: automatic crash report generation.
[[0;32m  OK  [0m] Started LSB: daemon to balance interrupts for SMP systems.
[[0;32m  OK  [0m] Started Virtualbox guest utils.
[[0;32m  OK  [0m] Started A high performance web server and a reverse proxy server.
[[0;32m  OK  [0m] Started Snap Daemon.
         Starting Wait until snapd is fully seeded...
[[0;32m  OK  [0m] Started Wait until snapd is fully seeded.
         Starting Apply the settings specified in cloud-config...
[[0;32m  OK  [0m] Reached target Multi-User System.
[[0;32m  OK  [0m] Reached target Graphical Interface.
         Starting Update UTMP about System Runlevel Changes...
[[0;32m  OK  [0m] Started Update UTMP about System Runlevel Changes.
[   21.912391] cloud-init[1422]: Cloud-init v. 21.1-19-gbad84ad4-0ubuntu1~16.04.2 running 'modules:config' at Sun, 13 Jun 2021 12:34:01 +0000. Up 21.76 seconds.
[[0;32m  OK  [0m] Started Apply the settings specified in cloud-config.
         Starting Execute cloud user/final scripts...
[   22.874162] cloud-init[1435]: Cloud-init v. 21.1-19-gbad84ad4-0ubuntu1~16.04.2 running 'modules:final' at Sun, 13 Jun 2021 12:34:02 +0000. Up 22.67 seconds.
[   22.876077] cloud-init[1435]: Cloud-init v. 21.1-19-gbad84ad4-0ubuntu1~16.04.2 finished at Sun, 13 Jun 2021 12:34:02 +0000. Datasource DataSourceNoCloud [seed=/dev/sdb][dsmode=net].  Up 22.86 seconds
[[0;32m  OK  [0m] Started Execute cloud user/final scripts.
[[0;32m  OK  [0m] Reached target Cloud-init target.

Ubuntu 16.04.7 LTS ubuntu-xenial ttyS0

ubuntu-xenial login: 